2025-06-08T06:29:01.892Z - Testing Notion connection...
2025-06-08T06:29:01.893Z - Database ID:
2025-06-08T06:29:02.130Z - ERROR: Notion connection error:
2025-06-08T06:30:12.762Z - Testing Notion connection...
2025-06-08T06:30:12.764Z - Database ID:
2025-06-08T06:30:13.095Z - Notion connection successful!
2025-06-08T06:31:53.589Z - Testing Notion connection...
2025-06-08T06:31:53.589Z - Database ID:
2025-06-08T06:31:54.078Z - Notion connection successful!
2025-06-08T06:32:22.005Z - Testing Notion connection...
2025-06-08T06:32:22.006Z - Database ID:
2025-06-08T06:32:29.436Z - ERROR: Notion connection error:
2025-06-08T06:36:32.226Z - Testing Notion connection...
2025-06-08T06:36:32.227Z - Database ID:
2025-06-08T06:36:40.308Z - ERROR: Notion connection error:
2025-06-08T06:37:33.204Z - Testing Notion connection...
2025-06-08T06:37:33.205Z - Database ID:
2025-06-08T06:37:40.643Z - ERROR: Notion connection error:
2025-06-08T06:39:45.400Z - Testing Notion connection...
2025-06-08T06:39:45.400Z - Using database ID:
2025-06-08T06:39:45.699Z - ERROR: Notion connection error:
2025-06-08T06:44:50.611Z - Testing Notion connection...
2025-06-08T06:44:50.623Z - Using database ID:
2025-06-08T06:44:50.871Z - ERROR: Notion connection error:
2025-06-08T06:52:52.839Z - Testing Notion connection...
2025-06-08T06:52:52.846Z - Using database ID:
2025-06-08T06:52:53.080Z - ERROR: Notion connection error:
